{"message":"Unauthorized request to path: /folders","level":"error"}
{"message":"Unauthorized request to path: /","level":"error"}
{"message":"Unauthorized request to path: /","level":"error"}
{"message":"Unauthorized request to path: /","level":"error"}
{"message":"Unauthorized request to path: /","level":"error"}
{"message":"Unauthorized request to path: /","level":"error"}
{"message":"Unauthorized request to path: /folders","level":"error"}
{"message":"Unauthorized request to path: /folders","level":"error"}
{"message":"Unauthorized request to path: /folders","level":"error"}
{"message":"Unauthorized request to path: /folders","level":"error"}
{"message":"Unauthorized request to path: /folders","level":"error"}
{"message":"Unauthorized request to path: /folders","level":"error"}
{"message":"Unauthorized request to path: /folders","level":"error"}
{"message":"Unauthorized request to path: /folders","level":"error"}
{"message":"Unauthorized request to path: /folders","level":"error"}
{"message":"Unauthorized request to path: /folders","level":"error"}
{"message":"Unauthorized request to path: /folders","level":"error"}
{"message":"Unauthorized request to path: /folders","level":"error"}
{"message":"Unauthorized request to path: /folders","level":"error"}
{"message":"Unauthorized request to path: /folders","level":"error"}
{"message":"Unauthorized request to path: /folders","level":"error"}
{"message":"Unauthorized request to path: /folders","level":"error"}
{"message":"Unauthorized request to path: /folders","level":"error"}
{"message":"Unauthorized request to path: /folders","level":"error"}
{"message":"Unauthorized request to path: /folders","level":"error"}
{"message":"Unauthorized request to path: /folders","level":"error"}
{"message":"Unauthorized request to path: /folders","level":"error"}
{"message":"Unauthorized request to path: /folders","level":"error"}
{"message":"Unauthorized request to path: /folders","level":"error"}
{"message":"Unauthorized request to path: /folders","level":"error"}
{"message":"Unauthorized request to path: /folders","level":"error"}
{"message":"Unauthorized request to path: /folders","level":"error"}
{"message":"Unauthorized request to path: /folders","level":"error"}
{"message":"Unauthorized request to path: /folders","level":"error"}
{"message":"Unauthorized request to path: /folders","level":"error"}
{"message":"Unauthorized request to path: /folders","level":"error"}
{"message":"Unauthorized request to path: /folders","level":"error"}
{"message":"Unauthorized request to path: /folders","level":"error"}
{"message":"Unauthorized request to path: /folders","level":"error"}
{"message":"Unauthorized request to path: /folders","level":"error"}
{"message":"Unauthorized request to path: /folders","level":"error"}
{"message":"Unauthorized request to path: /folders","level":"error"}
{"message":"Unauthorized request to path: /folders","level":"error"}
{"message":"Unauthorized request to path: /folders","level":"error"}
{"message":"Unauthorized request to path: /folders","level":"error"}
{"message":"Unauthorized request to path: /folders","level":"error"}
{"message":"Unauthorized request to path: /folders","level":"error"}
{"message":"Unauthorized request to path: /folders","level":"error"}
{"message":"Unauthorized request to path: /folders","level":"error"}
{"message":"Unauthorized request to path: /folders","level":"error"}
{"message":"Unauthorized request to path: /folders","level":"error"}
{"message":"Unauthorized request to path: /folders","level":"error"}
{"message":"Unauthorized request to path: /folders","level":"error"}
{"message":"Unauthorized request to path: /folders","level":"error"}
{"message":"Unauthorized request to path: /folders","level":"error"}
{"message":"Unauthorized request to path: /folders","level":"error"}
{"message":"Unauthorized request to path: /folders","level":"error"}
{"message":"Unauthorized request to path: /folders","level":"error"}
{"message":"Unauthorized request to path: /folders","level":"error"}
{"message":"Unauthorized request to path: /folders","level":"error"}
{"message":"Unauthorized request to path: /folders","level":"error"}
{"message":"Unauthorized request to path: /folders","level":"error"}
{"message":"Unauthorized request to path: /folders","level":"error"}
{"message":"Unauthorized request to path: /folders","level":"error"}
{"message":"Unauthorized request to path: /folders","level":"error"}
{"message":"Unauthorized request to path: /folders","level":"error"}
{"message":"Unauthorized request to path: /folders","level":"error"}
{"message":"Unauthorized request to path: /folders","level":"error"}
{"message":"Unauthorized request to path: /folders","level":"error"}
{"message":"Unauthorized request to path: /folders","level":"error"}
{"message":"Unauthorized request to path: /folders","level":"error"}
{"message":"Unauthorized request to path: /folders","level":"error"}
{"message":"Unauthorized request to path: /folders","level":"error"}
{"message":"Unauthorized request to path: /folders","level":"error"}
{"message":"Unauthorized request to path: /folders","level":"error"}
{"message":"Unauthorized request to path: /folders","level":"error"}
{"message":"Unauthorized request to path: /folders","level":"error"}
{"message":"Unauthorized request to path: /folders","level":"error"}
{"message":"Unauthorized request to path: /folders","level":"error"}
{"message":"Unauthorized request to path: /folders","level":"error"}
{"message":"Unauthorized request to path: /folders","level":"error"}
{"message":"Unauthorized request to path: /folders","level":"error"}
{"message":"Unauthorized request to path: /folders","level":"error"}
{"message":"Unauthorized request to path: /folders","level":"error"}
{"message":"Unauthorized request to path: /folders","level":"error"}
{"message":"Unauthorized request to path: /folders","level":"error"}
{"message":"Unauthorized request to path: /folders","level":"error"}
{"message":"Unauthorized request to path: /folders","level":"error"}
{"message":"Unauthorized request to path: /folders/5","level":"error"}
{"message":"Unauthorized request to path: /folders/2","level":"error"}
{"message":"Unauthorized request to path: /folders","level":"error"}
{"message":"Unauthorized request to path: /folders","level":"error"}
{"message":"Unauthorized request to path: /folders/5","level":"error"}
{"message":"Unauthorized request to path: /folders/2","level":"error"}
{"message":"Unauthorized request to path: /folders","level":"error"}
{"message":"Unauthorized request to path: /folders","level":"error"}
{"message":"Unauthorized request to path: /folders/5","level":"error"}
{"message":"Unauthorized request to path: /folders/2","level":"error"}
{"message":"Unauthorized request to path: /folders","level":"error"}
{"message":"Unauthorized request to path: /folders","level":"error"}
{"message":"Unauthorized request to path: /folders/5","level":"error"}
{"message":"Unauthorized request to path: /folders/2","level":"error"}
{"message":"Unauthorized request to path: /folders","level":"error"}
{"message":"Unauthorized request to path: /folders","level":"error"}
{"message":"Unauthorized request to path: /folders/5","level":"error"}
{"message":"Unauthorized request to path: /folders/2","level":"error"}
{"message":"Unauthorized request to path: /folders","level":"error"}
{"message":"Unauthorized request to path: /folders","level":"error"}
{"message":"Unauthorized request to path: /folders/5","level":"error"}
{"message":"Unauthorized request to path: /folders/2","level":"error"}
{"message":"Unauthorized request to path: /folders","level":"error"}
{"message":"Unauthorized request to path: /folders","level":"error"}
{"message":"Unauthorized request to path: /folders/5","level":"error"}
{"message":"Unauthorized request to path: /folders/2","level":"error"}
{"message":"Unauthorized request to path: /folders","level":"error"}
{"message":"Unauthorized request to path: /folders","level":"error"}
{"message":"Unauthorized request to path: /folders/5","level":"error"}
{"message":"Unauthorized request to path: /folders/2","level":"error"}
{"message":"Unauthorized request to path: /folders","level":"error"}
{"message":"Unauthorized request to path: /folders","level":"error"}
{"message":"Unauthorized request to path: /folders/5","level":"error"}
{"message":"Unauthorized request to path: /folders/2","level":"error"}
{"message":"Unauthorized request to path: /folders","level":"error"}
{"message":"Unauthorized request to path: /folders","level":"error"}
{"message":"Unauthorized request to path: /folders/5","level":"error"}
{"message":"Unauthorized request to path: /folders/2","level":"error"}
{"message":"Unauthorized request to path: /folders","level":"error"}
{"message":"Unauthorized request to path: /folders","level":"error"}
{"message":"Unauthorized request to path: /folders/5","level":"error"}
{"message":"Unauthorized request to path: /folders/2","level":"error"}
{"message":"Unauthorized request to path: /folders","level":"error"}
{"message":"Unauthorized request to path: /folders","level":"error"}
{"message":"Unauthorized request to path: /folders/5","level":"error"}
{"message":"Unauthorized request to path: /folders/2","level":"error"}
{"message":"Unauthorized request to path: /folders","level":"error"}
{"message":"Unauthorized request to path: /folders","level":"error"}
{"message":"Unauthorized request to path: /folders/5","level":"error"}
{"message":"Unauthorized request to path: /folders/2","level":"error"}
{"message":"Unauthorized request to path: /api/folders","level":"error"}
{"message":"Unauthorized request to path: /api/folders","level":"error"}
{"message":"Unauthorized request to path: /folders/5","level":"error"}
{"message":"Unauthorized request to path: /folders/2","level":"error"}
{"message":"Unauthorized request to path: /api/folders","level":"error"}
{"message":"Unauthorized request to path: /api/folders","level":"error"}
{"message":"Unauthorized request to path: /folders/5","level":"error"}
{"message":"Unauthorized request to path: /folders/2","level":"error"}
{"message":"Unauthorized request to path: /api/folders","level":"error"}
{"message":"Unauthorized request to path: /api/folders","level":"error"}
{"message":"Unauthorized request to path: /folders/5","level":"error"}
{"message":"Unauthorized request to path: /folders/2","level":"error"}
{"message":"Unauthorized request to path: /api/folders","level":"error"}
{"message":"Unauthorized request to path: /api/folders","level":"error"}
{"message":"Unauthorized request to path: /folders/5","level":"error"}
{"message":"Unauthorized request to path: /folders/2","level":"error"}
{"message":"Unauthorized request to path: /api/notes","level":"error"}
{"message":"Unauthorized request to path: /api/folders","level":"error"}
{"message":"Unauthorized request to path: /api/folders","level":"error"}
{"message":"Unauthorized request to path: /folders/5","level":"error"}
{"message":"Unauthorized request to path: /folders/2","level":"error"}
{"message":"Unauthorized request to path: /api/notes","level":"error"}
{"message":"Unauthorized request to path: /api/notes","level":"error"}
{"message":"Unauthorized request to path: /api/folders","level":"error"}
{"message":"Unauthorized request to path: /api/folders","level":"error"}
{"message":"Unauthorized request to path: /api/folders/5","level":"error"}
{"message":"Unauthorized request to path: /api/folders/2","level":"error"}
{"message":"Unauthorized request to path: /api/folders","level":"error"}
{"message":"Unauthorized request to path: /api/folders","level":"error"}
{"message":"Unauthorized request to path: /api/notes/5","level":"error"}
{"message":"Unauthorized request to path: /api/notes/2","level":"error"}
{"message":"Unauthorized request to path: /api/folders","level":"error"}
{"message":"Unauthorized request to path: /api/folders","level":"error"}
{"message":"Unauthorized request to path: /api/folders/5","level":"error"}
{"message":"Unauthorized request to path: /api/folders/2","level":"error"}
{"message":"Unauthorized request to path: /api/folders","level":"error"}
{"message":"Unauthorized request to path: /api/folders","level":"error"}
{"message":"Unauthorized request to path: /api/notes/5","level":"error"}
{"message":"Unauthorized request to path: /api/notes/2","level":"error"}
{"message":"Unauthorized request to path: /api/folders","level":"error"}
{"message":"Unauthorized request to path: /api/folders","level":"error"}
{"message":"Unauthorized request to path: /api/folders/5","level":"error"}
{"message":"Unauthorized request to path: /api/folders/2","level":"error"}
{"message":"Unauthorized request to path: /api/folders","level":"error"}
{"message":"Unauthorized request to path: /api/folders","level":"error"}
{"message":"Unauthorized request to path: /api/notes/5","level":"error"}
{"message":"Unauthorized request to path: /api/notes/2","level":"error"}
{"message":"Unauthorized request to path: /api/folders","level":"error"}
{"message":"Unauthorized request to path: /api/folders","level":"error"}
{"message":"Unauthorized request to path: /api/folders/5","level":"error"}
{"message":"Unauthorized request to path: /api/folders/2","level":"error"}
{"message":"Unauthorized request to path: /api/folders","level":"error"}
{"message":"Unauthorized request to path: /api/folders","level":"error"}
{"message":"Unauthorized request to path: /api/notes/5","level":"error"}
{"message":"Unauthorized request to path: /api/notes/2","level":"error"}
{"message":"Unauthorized request to path: /api/folders","level":"error"}
{"message":"Unauthorized request to path: /api/folders","level":"error"}
{"message":"Unauthorized request to path: /api/folders/5","level":"error"}
{"message":"Unauthorized request to path: /api/folders/2","level":"error"}
{"message":"Unauthorized request to path: /api/folders","level":"error"}
{"message":"Unauthorized request to path: /api/folders","level":"error"}
{"message":"Unauthorized request to path: /api/notes/5","level":"error"}
{"message":"Unauthorized request to path: /api/notes/2","level":"error"}
{"message":"Unauthorized request to path: /api/notes/123456","level":"error"}
{"message":"Unauthorized request to path: /api/notes/2","level":"error"}
{"message":"Unauthorized request to path: /api/notes/undefined","level":"error"}
{"message":"Unauthorized request to path: /api/folders","level":"error"}
{"message":"Unauthorized request to path: /api/folders","level":"error"}
{"message":"Unauthorized request to path: /api/folders/5","level":"error"}
{"message":"Unauthorized request to path: /api/folders/2","level":"error"}
{"message":"Unauthorized request to path: /api/folders","level":"error"}
{"message":"Unauthorized request to path: /api/folders","level":"error"}
{"message":"Unauthorized request to path: /api/notes/5","level":"error"}
{"message":"Unauthorized request to path: /api/notes/2","level":"error"}
{"message":"Unauthorized request to path: /api/folders","level":"error"}
{"message":"Unauthorized request to path: /api/folders","level":"error"}
{"message":"Unauthorized request to path: /api/folders/5","level":"error"}
{"message":"Unauthorized request to path: /api/folders/2","level":"error"}
{"message":"Unauthorized request to path: /api/folders","level":"error"}
{"message":"Unauthorized request to path: /api/folders","level":"error"}
{"message":"Unauthorized request to path: /api/notes/5","level":"error"}
{"message":"Unauthorized request to path: /api/notes/2","level":"error"}
{"message":"Unauthorized request to path: /api/folders","level":"error"}
{"message":"Unauthorized request to path: /api/folders","level":"error"}
{"message":"Unauthorized request to path: /api/folders/5","level":"error"}
{"message":"Unauthorized request to path: /api/folders/2","level":"error"}
{"message":"Unauthorized request to path: /api/folders","level":"error"}
{"message":"Unauthorized request to path: /api/folders","level":"error"}
{"message":"Unauthorized request to path: /api/notes/5","level":"error"}
{"message":"Unauthorized request to path: /api/notes/2","level":"error"}
{"message":"Unauthorized request to path: /api/folders","level":"error"}
{"message":"Unauthorized request to path: /api/folders","level":"error"}
{"message":"Unauthorized request to path: /api/folders/5","level":"error"}
{"message":"Unauthorized request to path: /api/folders/2","level":"error"}
{"message":"Unauthorized request to path: /api/folders","level":"error"}
{"message":"Unauthorized request to path: /api/folders","level":"error"}
{"message":"Unauthorized request to path: /api/notes/5","level":"error"}
{"message":"Unauthorized request to path: /api/notes/2","level":"error"}
{"message":"Unauthorized request to path: /api/folders","level":"error"}
{"message":"Unauthorized request to path: /api/folders","level":"error"}
{"message":"Unauthorized request to path: /api/folders/5","level":"error"}
{"message":"Unauthorized request to path: /api/folders/2","level":"error"}
{"message":"Unauthorized request to path: /api/folders","level":"error"}
{"message":"Unauthorized request to path: /api/folders","level":"error"}
{"message":"Unauthorized request to path: /api/notes/5","level":"error"}
{"message":"Unauthorized request to path: /api/notes/2","level":"error"}
{"message":"Unauthorized request to path: /api/folders","level":"error"}
{"message":"Unauthorized request to path: /api/folders","level":"error"}
{"message":"Unauthorized request to path: /api/folders/5","level":"error"}
{"message":"Unauthorized request to path: /api/folders/2","level":"error"}
{"message":"Unauthorized request to path: /api/folders","level":"error"}
{"message":"Unauthorized request to path: /api/folders","level":"error"}
{"message":"Unauthorized request to path: /api/notes/5","level":"error"}
{"message":"Unauthorized request to path: /api/notes/2","level":"error"}
{"message":"Unauthorized request to path: /api/folders","level":"error"}
{"message":"Unauthorized request to path: /api/folders","level":"error"}
{"message":"Unauthorized request to path: /api/folders/5","level":"error"}
{"message":"Unauthorized request to path: /api/folders/2","level":"error"}
{"message":"Unauthorized request to path: /api/folders","level":"error"}
{"message":"Unauthorized request to path: /api/folders","level":"error"}
{"message":"Unauthorized request to path: /api/notes/5","level":"error"}
{"message":"Unauthorized request to path: /api/notes/2","level":"error"}
{"message":"Unauthorized request to path: /api/folders","level":"error"}
{"message":"Unauthorized request to path: /api/folders","level":"error"}
{"message":"Unauthorized request to path: /api/folders/5","level":"error"}
{"message":"Unauthorized request to path: /api/folders/2","level":"error"}
{"message":"Unauthorized request to path: /api/folders","level":"error"}
{"message":"Unauthorized request to path: /api/folders","level":"error"}
{"message":"Unauthorized request to path: /api/notes/5","level":"error"}
{"message":"Unauthorized request to path: /api/notes/2","level":"error"}
{"message":"Unauthorized request to path: /api/folders","level":"error"}
{"message":"Unauthorized request to path: /api/folders","level":"error"}
{"message":"Unauthorized request to path: /api/folders/5","level":"error"}
{"message":"Unauthorized request to path: /api/folders/2","level":"error"}
{"message":"Unauthorized request to path: /api/folders","level":"error"}
{"message":"Unauthorized request to path: /api/folders","level":"error"}
{"message":"Unauthorized request to path: /api/notes/5","level":"error"}
{"message":"Unauthorized request to path: /api/notes/2","level":"error"}
{"message":"Unauthorized request to path: /api/folders","level":"error"}
{"message":"Unauthorized request to path: /api/folders","level":"error"}
{"message":"Unauthorized request to path: /api/folders/5","level":"error"}
{"message":"Unauthorized request to path: /api/folders/2","level":"error"}
{"message":"Unauthorized request to path: /api/folders","level":"error"}
{"message":"Unauthorized request to path: /api/folders","level":"error"}
{"message":"Unauthorized request to path: /api/notes/5","level":"error"}
{"message":"Unauthorized request to path: /api/notes/2","level":"error"}
{"message":"Unauthorized request to path: /api/folders","level":"error"}
{"message":"Unauthorized request to path: /api/folders","level":"error"}
{"message":"Unauthorized request to path: /api/folders/5","level":"error"}
{"message":"Unauthorized request to path: /api/folders/2","level":"error"}
{"message":"Unauthorized request to path: /api/folders","level":"error"}
{"message":"Unauthorized request to path: /api/folders","level":"error"}
{"message":"Unauthorized request to path: /api/notes/5","level":"error"}
{"message":"Unauthorized request to path: /api/notes/2","level":"error"}
{"message":"Unauthorized request to path: /api/folders","level":"error"}
{"message":"Unauthorized request to path: /api/folders","level":"error"}
{"message":"Unauthorized request to path: /api/folders/5","level":"error"}
{"message":"Unauthorized request to path: /api/folders/2","level":"error"}
{"message":"Unauthorized request to path: /api/folders","level":"error"}
{"message":"Unauthorized request to path: /api/folders","level":"error"}
{"message":"Unauthorized request to path: /api/notes/5","level":"error"}
{"message":"Unauthorized request to path: /api/notes/2","level":"error"}
{"message":"Unauthorized request to path: /api/notes","level":"error"}
{"message":"Unauthorized request to path: /api/folders","level":"error"}
{"message":"Unauthorized request to path: /api/folders","level":"error"}
{"message":"Unauthorized request to path: /api/folders/5","level":"error"}
{"message":"Unauthorized request to path: /api/folders/2","level":"error"}
{"message":"Unauthorized request to path: /api/folders","level":"error"}
{"message":"Unauthorized request to path: /api/folders","level":"error"}
{"message":"Unauthorized request to path: /api/notes/5","level":"error"}
{"message":"Unauthorized request to path: /api/notes/2","level":"error"}
{"message":"Unauthorized request to path: /api/notes","level":"error"}
{"message":"Unauthorized request to path: /api/folders","level":"error"}
{"message":"Unauthorized request to path: /api/folders","level":"error"}
{"message":"Unauthorized request to path: /api/folders/5","level":"error"}
{"message":"Unauthorized request to path: /api/folders/2","level":"error"}
{"message":"Unauthorized request to path: /api/folders","level":"error"}
{"message":"Unauthorized request to path: /api/folders","level":"error"}
{"message":"Unauthorized request to path: /api/notes/5","level":"error"}
{"message":"Unauthorized request to path: /api/notes/2","level":"error"}
{"message":"Unauthorized request to path: /api/folders","level":"error"}
{"message":"Unauthorized request to path: /api/folders","level":"error"}
{"message":"Unauthorized request to path: /api/folders/5","level":"error"}
{"message":"Unauthorized request to path: /api/folders/2","level":"error"}
{"message":"Unauthorized request to path: /api/folders","level":"error"}
{"message":"Unauthorized request to path: /api/folders","level":"error"}
{"message":"Unauthorized request to path: /api/notes/5","level":"error"}
{"message":"Unauthorized request to path: /api/notes/2","level":"error"}
{"message":"Unauthorized request to path: /api/notes/2","level":"error"}
{"message":"Unauthorized request to path: /api/notes/2","level":"error"}
{"message":"Unauthorized request to path: /api/notes/2","level":"error"}
{"message":"Unauthorized request to path: /api/folders","level":"error"}
{"message":"Unauthorized request to path: /api/folders","level":"error"}
{"message":"Unauthorized request to path: /api/folders/5","level":"error"}
{"message":"Unauthorized request to path: /api/folders/2","level":"error"}
{"message":"Unauthorized request to path: /api/folders","level":"error"}
{"message":"Unauthorized request to path: /api/folders","level":"error"}
{"message":"Unauthorized request to path: /api/notes/5","level":"error"}
{"message":"Unauthorized request to path: /api/notes/2","level":"error"}
{"message":"Unauthorized request to path: /api/folders","level":"error"}
{"message":"Unauthorized request to path: /api/folders","level":"error"}
{"message":"Unauthorized request to path: /api/folders/5","level":"error"}
{"message":"Unauthorized request to path: /api/folders/2","level":"error"}
{"message":"Unauthorized request to path: /api/folders","level":"error"}
{"message":"Unauthorized request to path: /api/folders","level":"error"}
{"message":"Unauthorized request to path: /api/notes/5","level":"error"}
{"message":"Unauthorized request to path: /api/notes/2","level":"error"}
{"message":"Unauthorized request to path: /api/folders","level":"error"}
{"message":"Unauthorized request to path: /api/folders","level":"error"}
{"message":"Unauthorized request to path: /api/folders/5","level":"error"}
{"message":"Unauthorized request to path: /api/folders/2","level":"error"}
{"message":"Unauthorized request to path: /api/folders","level":"error"}
{"message":"Unauthorized request to path: /api/folders","level":"error"}
{"message":"Unauthorized request to path: /api/notes/5","level":"error"}
{"message":"Unauthorized request to path: /api/notes/2","level":"error"}
{"message":"Unauthorized request to path: /api/folders","level":"error"}
{"message":"Unauthorized request to path: /api/folders","level":"error"}
{"message":"Unauthorized request to path: /api/folders/5","level":"error"}
{"message":"Unauthorized request to path: /api/folders/2","level":"error"}
{"message":"Unauthorized request to path: /api/folders","level":"error"}
{"message":"Unauthorized request to path: /api/folders","level":"error"}
{"message":"Unauthorized request to path: /api/notes/5","level":"error"}
{"message":"Unauthorized request to path: /api/notes/2","level":"error"}
{"message":"Unauthorized request to path: /api/notes/2","level":"error"}
{"message":"Unauthorized request to path: /api/notes/2","level":"error"}
{"message":"Unauthorized request to path: /api/folders","level":"error"}
{"message":"Unauthorized request to path: /api/folders","level":"error"}
{"message":"Unauthorized request to path: /api/folders/5","level":"error"}
{"message":"Unauthorized request to path: /api/folders/2","level":"error"}
{"message":"Unauthorized request to path: /api/folders","level":"error"}
{"message":"Unauthorized request to path: /api/folders","level":"error"}
{"message":"Unauthorized request to path: /api/notes/5","level":"error"}
{"message":"Unauthorized request to path: /api/notes/2","level":"error"}
{"message":"Unauthorized request to path: /api/notes/2","level":"error"}
{"message":"Unauthorized request to path: /api/folders","level":"error"}
{"message":"Unauthorized request to path: /api/folders","level":"error"}
{"message":"Unauthorized request to path: /api/folders/5","level":"error"}
{"message":"Unauthorized request to path: /api/folders/2","level":"error"}
{"message":"Unauthorized request to path: /api/folders","level":"error"}
{"message":"Unauthorized request to path: /api/folders","level":"error"}
{"message":"Unauthorized request to path: /api/notes/5","level":"error"}
{"message":"Unauthorized request to path: /api/notes/2","level":"error"}
{"message":"Unauthorized request to path: /api/notes/2","level":"error"}
{"message":"Unauthorized request to path: /api/folders","level":"error"}
{"message":"Unauthorized request to path: /api/folders","level":"error"}
{"message":"Unauthorized request to path: /api/folders/5","level":"error"}
{"message":"Unauthorized request to path: /api/folders/2","level":"error"}
{"message":"Unauthorized request to path: /api/folders","level":"error"}
{"message":"Unauthorized request to path: /api/folders","level":"error"}
{"message":"Unauthorized request to path: /api/notes/5","level":"error"}
{"message":"Unauthorized request to path: /api/notes/2","level":"error"}
{"message":"Unauthorized request to path: /api/notes/2","level":"error"}
{"message":"Unauthorized request to path: /api/folders","level":"error"}
{"message":"Unauthorized request to path: /api/folders","level":"error"}
{"message":"Unauthorized request to path: /api/folders/5","level":"error"}
{"message":"Unauthorized request to path: /api/folders/2","level":"error"}
{"message":"Unauthorized request to path: /api/folders","level":"error"}
{"message":"Unauthorized request to path: /api/folders","level":"error"}
{"message":"Unauthorized request to path: /api/notes/5","level":"error"}
{"message":"Unauthorized request to path: /api/notes/2","level":"error"}
{"message":"Unauthorized request to path: /api/notes/2","level":"error"}
{"message":"Unauthorized request to path: /api/folders","level":"error"}
{"message":"Unauthorized request to path: /api/folders","level":"error"}
{"message":"Unauthorized request to path: /api/folders/5","level":"error"}
{"message":"Unauthorized request to path: /api/folders/2","level":"error"}
{"message":"Unauthorized request to path: /api/folders","level":"error"}
{"message":"Unauthorized request to path: /api/folders","level":"error"}
{"message":"Unauthorized request to path: /api/notes/5","level":"error"}
{"message":"Unauthorized request to path: /api/notes/2","level":"error"}
{"message":"Unauthorized request to path: /api/folders","level":"error"}
{"message":"Unauthorized request to path: /api/folders","level":"error"}
{"message":"Unauthorized request to path: /api/folders/5","level":"error"}
{"message":"Unauthorized request to path: /api/folders/2","level":"error"}
{"message":"Unauthorized request to path: /api/folders","level":"error"}
{"message":"Unauthorized request to path: /api/folders","level":"error"}
{"message":"Unauthorized request to path: /api/notes/5","level":"error"}
{"message":"Unauthorized request to path: /api/notes/2","level":"error"}
{"message":"Unauthorized request to path: /api/folders","level":"error"}
{"message":"Unauthorized request to path: /api/folders","level":"error"}
{"message":"Unauthorized request to path: /api/folders/5","level":"error"}
{"message":"Unauthorized request to path: /api/folders/2","level":"error"}
{"message":"Unauthorized request to path: /api/folders","level":"error"}
{"message":"Unauthorized request to path: /api/folders","level":"error"}
{"message":"Unauthorized request to path: /api/notes/5","level":"error"}
{"message":"Unauthorized request to path: /api/notes/2","level":"error"}
{"message":"Unauthorized request to path: /api/notes/2","level":"error"}
{"message":"Unauthorized request to path: /api/folders","level":"error"}
{"message":"Unauthorized request to path: /api/folders","level":"error"}
{"message":"Unauthorized request to path: /api/folders/5","level":"error"}
{"message":"Unauthorized request to path: /api/folders/2","level":"error"}
{"message":"Unauthorized request to path: /api/folders","level":"error"}
{"message":"Unauthorized request to path: /api/folders","level":"error"}
{"message":"Unauthorized request to path: /api/notes/5","level":"error"}
{"message":"Unauthorized request to path: /api/notes/2","level":"error"}
{"message":"Unauthorized request to path: /api/folders","level":"error"}
{"message":"Unauthorized request to path: /api/folders","level":"error"}
{"message":"Unauthorized request to path: /api/folders/5","level":"error"}
{"message":"Unauthorized request to path: /api/folders/2","level":"error"}
{"message":"Unauthorized request to path: /api/folders","level":"error"}
{"message":"Unauthorized request to path: /api/folders","level":"error"}
{"message":"Unauthorized request to path: /api/notes/5","level":"error"}
{"message":"Unauthorized request to path: /api/notes/2","level":"error"}
{"message":"Unauthorized request to path: /api/folders","level":"error"}
{"message":"Unauthorized request to path: /api/folders","level":"error"}
{"message":"Unauthorized request to path: /api/folders/5","level":"error"}
{"message":"Unauthorized request to path: /api/folders/2","level":"error"}
{"message":"Unauthorized request to path: /api/folders","level":"error"}
{"message":"Unauthorized request to path: /api/folders","level":"error"}
{"message":"Unauthorized request to path: /api/notes/5","level":"error"}
{"message":"Unauthorized request to path: /api/notes/2","level":"error"}
{"message":"Unauthorized request to path: /api/folders","level":"error"}
{"message":"Unauthorized request to path: /api/folders","level":"error"}
{"message":"Unauthorized request to path: /api/folders/5","level":"error"}
{"message":"Unauthorized request to path: /api/folders/2","level":"error"}
{"message":"Unauthorized request to path: /api/folders","level":"error"}
{"message":"Unauthorized request to path: /api/folders","level":"error"}
{"message":"Unauthorized request to path: /api/notes/5","level":"error"}
{"message":"Unauthorized request to path: /api/notes/2","level":"error"}
{"message":"Unauthorized request to path: /api/folders","level":"error"}
